<?xml version="1.0" encoding="UTF-8"?>
<testng-results ignored="0" total="3" passed="3" failed="0" skipped="0">
  <reporter-output>
  </reporter-output>
  <suite started-at="2024-04-18T11:14:43 IST" name="Default suite" finished-at="2024-04-18T11:16:40 IST" duration-ms="116954">
    <groups>
    </groups>
    <test started-at="2024-04-18T11:14:43 IST" name="Default test" finished-at="2024-04-18T11:16:40 IST" duration-ms="116954">
      <class name="workingWithUnitTestingTool.ToReadMultipleDataFromDataProvider">
        <test-method signature="run(java.lang.String,java.lang.String)[pri:0, instance:workingWithUnitTestingTool.ToReadMultipleDataFromDataProvider@73700b80]" started-at="2024-04-18T11:14:43 IST" name="run" data-provider="login" finished-at="2024-04-18T11:15:08 IST" duration-ms="24683" status="PASS">
          <params>
            <param index="0">
              <value>
                <![CDATA[anuram47@gmail.com]]>
              </value>
            </param>
            <param index="1">
              <value>
                <![CDATA[test1234]]>
              </value>
            </param>
          </params>
          <reporter-output>
          </reporter-output>
        </test-method> <!-- run -->
        <test-method signature="run(java.lang.String,java.lang.String)[pri:0, instance:workingWithUnitTestingTool.ToReadMultipleDataFromDataProvider@73700b80]" started-at="2024-04-18T11:15:08 IST" name="run" data-provider="login" finished-at="2024-04-18T11:16:10 IST" duration-ms="61559" status="PASS">
          <params>
            <param index="0">
              <value>
                <![CDATA[anuram47@gmail.com]]>
              </value>
            </param>
            <param index="1">
              <value>
                <![CDATA[test1234]]>
              </value>
            </param>
          </params>
          <reporter-output>
          </reporter-output>
        </test-method> <!-- run -->
        <test-method signature="run(java.lang.String,java.lang.String)[pri:0, instance:workingWithUnitTestingTool.ToReadMultipleDataFromDataProvider@73700b80]" started-at="2024-04-18T11:16:10 IST" name="run" data-provider="login" finished-at="2024-04-18T11:16:40 IST" duration-ms="30013" status="PASS">
          <params>
            <param index="0">
              <value>
                <![CDATA[anuram47@gmail.com]]>
              </value>
            </param>
            <param index="1">
              <value>
                <![CDATA[test1234]]>
              </value>
            </param>
          </params>
          <reporter-output>
          </reporter-output>
        </test-method> <!-- run -->
      </class> <!-- workingWithUnitTestingTool.ToReadMultipleDataFromDataProvider -->
    </test> <!-- Default test -->
  </suite> <!-- Default suite -->
</testng-results>
