<?xml version="1.0" encoding="UTF-8"?>
<!-- Generated by org.testng.reporters.JUnitXMLReporter -->
<testsuite ignored="0" hostname="LAPTOP-L63QCRR4" failures="0" tests="3" name="Default test" time="116.954" errors="0" timestamp="2024-04-18T11:16:40 IST">
  <testcase classname="workingWithUnitTestingTool.ToReadMultipleDataFromDataProvider" name="run" time="24.683"/>
  <testcase classname="workingWithUnitTestingTool.ToReadMultipleDataFromDataProvider" name="run" time="61.559"/>
  <testcase classname="workingWithUnitTestingTool.ToReadMultipleDataFromDataProvider" name="run" time="30.013"/>
</testsuite> <!-- Default test -->
